mode: set
github.com/danhale-git/craft/internal/configure/configure.go:11.64,12.22 1 1
github.com/danhale-git/craft/internal/configure/configure.go:16.2,16.30 1 1
github.com/danhale-git/craft/internal/configure/configure.go:25.2,25.18 1 1
github.com/danhale-git/craft/internal/configure/configure.go:12.22,14.3 1 0
github.com/danhale-git/craft/internal/configure/configure.go:16.30,20.17 3 1
github.com/danhale-git/craft/internal/configure/configure.go:20.17,22.4 1 0
github.com/danhale-git/craft/internal/configure/configure.go:28.66,35.29 4 1
github.com/danhale-git/craft/internal/configure/configure.go:51.2,51.14 1 1
github.com/danhale-git/craft/internal/configure/configure.go:55.2,55.26 1 1
github.com/danhale-git/craft/internal/configure/configure.go:35.29,41.63 3 1
github.com/danhale-git/craft/internal/configure/configure.go:47.3,48.17 2 1
github.com/danhale-git/craft/internal/configure/configure.go:41.63,43.12 2 1
github.com/danhale-git/craft/internal/configure/configure.go:51.14,53.3 1 0
github.com/danhale-git/craft/internal/backup/backup.go:32.47,34.20 2 1
github.com/danhale-git/craft/internal/backup/backup.go:38.2,41.16 3 1
github.com/danhale-git/craft/internal/backup/backup.go:49.2,49.15 1 1
github.com/danhale-git/craft/internal/backup/backup.go:34.20,36.3 1 0
github.com/danhale-git/craft/internal/backup/backup.go:41.16,42.42 1 1
github.com/danhale-git/craft/internal/backup/backup.go:46.3,46.13 1 0
github.com/danhale-git/craft/internal/backup/backup.go:42.42,44.4 1 1
github.com/danhale-git/craft/internal/backup/backup.go:54.86,55.28 1 1
github.com/danhale-git/craft/internal/backup/backup.go:61.2,61.12 1 1
github.com/danhale-git/craft/internal/backup/backup.go:55.28,56.75 1 1
github.com/danhale-git/craft/internal/backup/backup.go:56.75,58.4 1 0
github.com/danhale-git/craft/internal/backup/backup.go:65.93,66.28 1 1
github.com/danhale-git/craft/internal/backup/backup.go:72.2,72.12 1 1
github.com/danhale-git/craft/internal/backup/backup.go:66.28,67.88 1 1
github.com/danhale-git/craft/internal/backup/backup.go:67.88,69.4 1 0
github.com/danhale-git/craft/internal/backup/backup.go:75.100,80.16 4 1
github.com/danhale-git/craft/internal/backup/backup.go:84.2,85.16 2 1
github.com/danhale-git/craft/internal/backup/backup.go:90.2,97.44 4 1
github.com/danhale-git/craft/internal/backup/backup.go:101.2,101.39 1 1
github.com/danhale-git/craft/internal/backup/backup.go:106.2,106.36 1 1
github.com/danhale-git/craft/internal/backup/backup.go:110.2,110.34 1 1
github.com/danhale-git/craft/internal/backup/backup.go:114.2,120.3 1 1
github.com/danhale-git/craft/internal/backup/backup.go:80.16,82.3 1 0
github.com/danhale-git/craft/internal/backup/backup.go:85.16,87.3 1 0
github.com/danhale-git/craft/internal/backup/backup.go:97.44,99.3 1 0
github.com/danhale-git/craft/internal/backup/backup.go:101.39,103.3 1 0
github.com/danhale-git/craft/internal/backup/backup.go:106.36,108.3 1 0
github.com/danhale-git/craft/internal/backup/backup.go:110.34,112.3 1 0
github.com/danhale-git/craft/internal/backup/backup.go:126.77,131.56 3 1
github.com/danhale-git/craft/internal/backup/backup.go:136.2,136.40 1 1
github.com/danhale-git/craft/internal/backup/backup.go:157.2,157.93 1 0
github.com/danhale-git/craft/internal/backup/backup.go:131.56,133.3 1 0
github.com/danhale-git/craft/internal/backup/backup.go:136.40,145.92 4 1
github.com/danhale-git/craft/internal/backup/backup.go:145.92,149.33 3 1
github.com/danhale-git/craft/internal/backup/backup.go:153.4,153.26 1 1
github.com/danhale-git/craft/internal/backup/backup.go:149.33,151.5 1 1
github.com/danhale-git/craft/internal/backup/backup.go:160.62,165.82 3 1
github.com/danhale-git/craft/internal/backup/backup.go:169.2,169.12 1 1
github.com/danhale-git/craft/internal/backup/backup.go:165.82,167.3 1 0
github.com/danhale-git/craft/internal/backup/backup.go:172.64,174.16 2 1
github.com/danhale-git/craft/internal/backup/backup.go:179.2,179.49 1 1
github.com/danhale-git/craft/internal/backup/backup.go:174.16,176.3 1 0
github.com/danhale-git/craft/internal/backup/backup.go:179.49,181.3 1 0
github.com/danhale-git/craft/internal/backup/backup.go:184.42,186.16 2 1
github.com/danhale-git/craft/internal/backup/backup.go:190.2,190.12 1 1
github.com/danhale-git/craft/internal/backup/backup.go:186.16,188.3 1 0
github.com/danhale-git/craft/internal/backup/datesort.go:10.32,12.2 1 1
github.com/danhale-git/craft/internal/backup/datesort.go:13.37,15.2 1 0
github.com/danhale-git/craft/internal/backup/datesort.go:17.42,19.16 2 0
github.com/danhale-git/craft/internal/backup/datesort.go:23.2,24.16 2 0
github.com/danhale-git/craft/internal/backup/datesort.go:28.2,28.22 1 0
github.com/danhale-git/craft/internal/backup/datesort.go:19.16,20.13 1 0
github.com/danhale-git/craft/internal/backup/datesort.go:24.16,25.13 1 0
github.com/danhale-git/craft/internal/backup/datesort.go:32.57,36.26 2 1
github.com/danhale-git/craft/internal/backup/datesort.go:43.2,46.20 3 1
github.com/danhale-git/craft/internal/backup/datesort.go:36.26,38.17 2 1
github.com/danhale-git/craft/internal/backup/datesort.go:38.17,40.4 1 0
github.com/danhale-git/craft/internal/server/server.go:25.79,27.16 2 0
github.com/danhale-git/craft/internal/server/server.go:31.2,38.16 3 0
github.com/danhale-git/craft/internal/server/server.go:42.2,44.9 2 0
github.com/danhale-git/craft/internal/server/server.go:48.2,48.16 1 0
github.com/danhale-git/craft/internal/server/server.go:27.16,29.3 1 0
github.com/danhale-git/craft/internal/server/server.go:38.16,40.3 1 0
github.com/danhale-git/craft/internal/server/server.go:44.9,46.3 1 0
github.com/danhale-git/craft/internal/server/server.go:52.47,54.16 2 1
github.com/danhale-git/craft/internal/server/server.go:58.2,61.16 3 1
github.com/danhale-git/craft/internal/server/server.go:65.2,65.12 1 0
github.com/danhale-git/craft/internal/server/server.go:54.16,56.3 1 0
github.com/danhale-git/craft/internal/server/server.go:61.16,63.3 1 0
github.com/danhale-git/craft/internal/server/server.go:69.52,78.16 2 1
github.com/danhale-git/craft/internal/server/server.go:82.2,82.25 1 1
github.com/danhale-git/craft/internal/server/server.go:78.16,80.3 1 0
github.com/danhale-git/craft/internal/server/server.go:87.61,99.16 2 1
github.com/danhale-git/craft/internal/server/server.go:103.2,103.35 1 1
github.com/danhale-git/craft/internal/server/server.go:99.16,101.3 1 0
github.com/danhale-git/craft/internal/server/server.go:106.81,108.16 2 1
github.com/danhale-git/craft/internal/server/server.go:112.2,112.33 1 1
github.com/danhale-git/craft/internal/server/server.go:118.2,118.39 1 0
github.com/danhale-git/craft/internal/server/server.go:108.16,110.3 1 0
github.com/danhale-git/craft/internal/server/server.go:112.33,113.46 1 1
github.com/danhale-git/craft/internal/server/server.go:113.46,115.4 1 1
github.com/danhale-git/craft/internal/server/server.go:126.40,128.2 1 0
github.com/danhale-git/craft/internal/server/server.go:136.40,138.2 1 0
